[18-Nov-2023 13:46:58 America/Sao_Paulo] PHP Fatal error:  Uncaught mysqli_sql_exception: Access denied for user 'root'@'localhost' (using password: NO) in D:\Sites\curso-php\sistema\src\functions\db.php:9
Stack trace:
#0 D:\Sites\curso-php\sistema\src\functions\db.php(9): mysqli_connect()
#1 D:\Sites\curso-php\sistema\src\functions\db.php(18): get_db_connection()
#2 D:\Sites\curso-php\sistema\src\app-config.php(24): require_once('...')
#3 D:\Sites\curso-php\sistema\sobre.php(2): require('...')
#4 {main}
  thrown in D:\Sites\curso-php\sistema\src\functions\db.php on line 9
[18-Nov-2023 14:49:44 America/Sao_Paulo] PHP Fatal error:  Uncaught ArgumentCountError: The number of elements in the type definition string must match the number of bind variables in D:\Sites\curso-php\sistema\src\functions\db.php:37
Stack trace:
#0 D:\Sites\curso-php\sistema\src\functions\db.php(37): mysqli_stmt_bind_param()
#1 D:\Sites\curso-php\sistema\src\functions\db.php(61): db_query_many()
#2 D:\Sites\curso-php\sistema\index.php(5): db_query_one()
#3 {main}
  thrown in D:\Sites\curso-php\sistema\src\functions\db.php on line 37
[18-Nov-2023 15:53:55 America/Sao_Paulo] PHP Fatal error:  Uncaught ArgumentCountError: The number of elements in the type definition string must match the number of bind variables in D:\Sites\curso-php\sistema\src\functions\db.php:38
Stack trace:
#0 D:\Sites\curso-php\sistema\src\functions\db.php(38): mysqli_stmt_bind_param()
#1 D:\Sites\curso-php\sistema\src\functions\db.php(63): db_query_many()
#2 D:\Sites\curso-php\sistema\index.php(5): db_query_one()
#3 {main}
  thrown in D:\Sites\curso-php\sistema\src\functions\db.php on line 38
[25-Nov-2023 15:32:42 America/Sao_Paulo] PHP Warning:  Undefined variable $excluir_url in D:\Sites\curso-php\sistema\area-restrita\servicos\index.php on line 48
[25-Nov-2023 15:32:42 America/Sao_Paulo] PHP Warning:  Undefined variable $excluir_url in D:\Sites\curso-php\sistema\area-restrita\servicos\index.php on line 48
[25-Nov-2023 15:32:42 America/Sao_Paulo] PHP Warning:  Undefined variable $excluir_url in D:\Sites\curso-php\sistema\area-restrita\servicos\index.php on line 48
[25-Nov-2023 16:26:36 America/Sao_Paulo] PHP Fatal error:  Uncaught Exception: Título é obrigatório! in D:\Sites\curso-php\sistema\src\functions\servicos.php:31
Stack trace:
#0 D:\Sites\curso-php\sistema\area-restrita\servicos\cadastro.php(12): cadastrar_servico()
#1 {main}
  thrown in D:\Sites\curso-php\sistema\src\functions\servicos.php on line 31
[25-Nov-2023 16:40:29 America/Sao_Paulo] PHP Warning:  Undefined variable $titulo in D:\Sites\curso-php\sistema\area-restrita\servicos\cadastro.php on line 51
[25-Nov-2023 16:44:12 America/Sao_Paulo] PHP Warning:  Undefined variable $ativo in D:\Sites\curso-php\sistema\area-restrita\servicos\cadastro.php on line 62
